<?xml version="1.0" encoding="UTF-8"?>
<testsuite name="TeeTest" tests="2" skipped="0" failures="0" errors="0" timestamp="2018-02-17T17:41:36" hostname="Andrey" time="0.0">
  <properties/>
  <testcase name="testTee" classname="TeeTest" time="0.0"/>
  <testcase name="testTeeSimple" classname="TeeTest" time="0.0"/>
  <system-out><![CDATA[]]></system-out>
  <system-err><![CDATA[]]></system-err>
</testsuite>
